Copyright 1986-2018 Xilinx, Inc. All Rights Reserved.
---------------------------------------------------------------------------------------------------------------------------------
| Tool Version : Vivado v.2018.3 (win64) Build 2405991 Thu Dec  6 23:38:27 MST 2018
| Date         : Fri Dec  4 21:29:54 2020
| Host         : MSI running 64-bit major release  (build 9200)
| Command      : report_drc -file cateen_wrapper_drc_opted.rpt -pb cateen_wrapper_drc_opted.pb -rpx cateen_wrapper_drc_opted.rpx
| Design       : cateen_wrapper
| Device       : xc7z020clg400-2
| Speed File   : -2
| Design State : Synthesized
---------------------------------------------------------------------------------------------------------------------------------

Report DRC

Table of Contents
-----------------
1. REPORT SUMMARY
2. REPORT DETAILS

1. REPORT SUMMARY
-----------------
            Netlist: netlist
          Floorplan: design_1
      Design limits: <entire design considered>
           Ruledeck: default
             Max violations: <unlimited>
             Violations found: 2
+--------+----------+------------------------+------------+
| Rule   | Severity | Description            | Violations |
+--------+----------+------------------------+------------+
| DPIP-1 | Warning  | Input pipelining       | 1          |
| DPOP-2 | Warning  | MREG Output pipelining | 1          |
+--------+----------+------------------------+------------+

2. REPORT DETAILS
-----------------
DPIP-1#1 Warning
Input pipelining  
DSP cateen_i/hx711_zynq_0/inst/hx711_zynq_v1_0_S00_AXI_inst/ad/value_gramme0 input cateen_i/hx711_zynq_0/inst/hx711_zynq_v1_0_S00_AXI_inst/ad/value_gramme0/A[29:0] is not pipelined. Pipelining DSP48 input will improve performance.
Related violations: <none>

DPOP-2#1 Warning
MREG Output pipelining  
DSP cateen_i/hx711_zynq_0/inst/hx711_zynq_v1_0_S00_AXI_inst/ad/value_gramme0 multiplier stage cateen_i/hx711_zynq_0/inst/hx711_zynq_v1_0_S00_AXI_inst/ad/value_gramme0/P[47:0] is not pipelined (MREG=0). Pipelining the multiplier function will improve performance and will save significant power so it is suggested whenever possible to fully pipeline this function.  If this multiplier was inferred, it is suggested to describe an additional register stage after this function.  If there is no registered adder/accumulator following the multiply function, two pipeline stages are suggested to allow both the MREG and PREG registers to be used.  If the DSP48 was instantiated in the design, it is suggested to set both the MREG and PREG attributes to 1 when performing multiply functions.
Related violations: <none>


